<?xml version="1.0" encoding="UTF-8"?>
<!-- Generated by org.testng.reporters.JUnitReportReporter -->
<testsuite hostname="LAPTOP-D4RH5SI9" failures="0" tests="1" name="Arrays.SwapUsingThirdVariableTest" time="0.023" errors="0" timestamp="2023-12-06T15:46:12 GMT+05:30" skipped="0">
  <testcase classname="Arrays.SwapUsingThirdVariableTest" name="swap" time="0.023"/>
  <system-out/>
</testsuite> <!-- Arrays.SwapUsingThirdVariableTest -->
