<?xml version="1.0" encoding="UTF-8"?>
<!-- Generated by org.testng.reporters.JUnitReportReporter -->
<testsuite hostname="LAPTOP-D4RH5SI9" failures="0" tests="1" name="NumberSeries.IntegerPalindrome" time="0.023" errors="0" timestamp="2023-12-08T15:56:08 GMT+05:30" skipped="0">
  <testcase classname="NumberSeries.IntegerPalindrome" name="palindrome" time="0.023"/>
  <system-out/>
</testsuite> <!-- NumberSeries.IntegerPalindrome -->
