<?xml version="1.0" encoding="UTF-8"?>
<!-- Generated by org.testng.reporters.JUnitReportReporter -->
<testsuite hostname="LAPTOP-D4RH5SI9" failures="0" tests="1" name="Arrays.FirstMinimumNumberWithoutUsingSortTest" time="0.022" errors="0" timestamp="2023-12-06T17:14:29 GMT+05:30" skipped="0">
  <testcase classname="Arrays.FirstMinimumNumberWithoutUsingSortTest" name="min" time="0.022"/>
  <system-out/>
</testsuite> <!-- Arrays.FirstMinimumNumberWithoutUsingSortTest -->
