<?xml version="1.0" encoding="UTF-8"?>
<!-- Generated by org.testng.reporters.JUnitReportReporter -->
<testsuite hostname="LAPTOP-D4RH5SI9" failures="0" tests="1" name="OOPS.Amazon" time="0.031" errors="0" timestamp="2023-12-11T17:33:30 GMT+05:30" skipped="0">
  <testcase classname="OOPS.Amazon" name="display" time="0.031"/>
  <system-out/>
</testsuite> <!-- OOPS.Amazon -->
