<?xml version="1.0" encoding="UTF-8"?>
<!-- Generated by org.testng.reporters.JUnitReportReporter -->
<testsuite hostname="LAPTOP-D4RH5SI9" failures="0" tests="1" name="String.PrintVowelsWithoutDuplicatesTest" time="0.019" errors="0" timestamp="2023-12-07T17:58:10 GMT+05:30" skipped="0">
  <testcase classname="String.PrintVowelsWithoutDuplicatesTest" name="vowel" time="0.019"/>
  <system-out/>
</testsuite> <!-- String.PrintVowelsWithoutDuplicatesTest -->
