<?xml version="1.0" encoding="UTF-8"?>
<!-- Generated by org.testng.reporters.JUnitReportReporter -->
<testsuite hostname="LAPTOP-D4RH5SI9" failures="0" tests="1" name="String.PrintMaximumLengthWordsInGivenArrayTest" time="0.015" errors="0" timestamp="2023-12-08T11:07:10 GMT+05:30" skipped="0">
  <testcase classname="String.PrintMaximumLengthWordsInGivenArrayTest" name="max" time="0.015"/>
  <system-out/>
</testsuite> <!-- String.PrintMaximumLengthWordsInGivenArrayTest -->
