<?xml version="1.0" encoding="UTF-8"?>
<!-- Generated by org.testng.reporters.JUnitReportReporter -->
<testsuite hostname="LAPTOP-D4RH5SI9" failures="0" tests="1" name="NumberSeries.PrimeNumbersBetween1To30" time="0.020" errors="0" timestamp="2023-12-08T16:05:23 GMT+05:30" skipped="0">
  <testcase classname="NumberSeries.PrimeNumbersBetween1To30" name="prime" time="0.020"/>
  <system-out/>
</testsuite> <!-- NumberSeries.PrimeNumbersBetween1To30 -->
