<?xml version="1.0" encoding="UTF-8"?>
<!-- Generated by org.testng.reporters.JUnitReportReporter -->
<testsuite hostname="LAPTOP-D4RH5SI9" failures="0" tests="1" name="String.OccurenceOfCharacterRepeatedOnly" time="0.024" errors="0" timestamp="2023-12-07T13:00:19 GMT+05:30" skipped="0">
  <testcase classname="String.OccurenceOfCharacterRepeatedOnly" name="repeated" time="0.024"/>
  <system-out/>
</testsuite> <!-- String.OccurenceOfCharacterRepeatedOnly -->
