<?xml version="1.0" encoding="UTF-8"?>
<!-- Generated by org.testng.reporters.JUnitReportReporter -->
<testsuite hostname="LAPTOP-D4RH5SI9" failures="0" tests="1" name="Arrays.ProductOfFirstNNumbersAfterSorting" time="0.045" errors="0" timestamp="2023-12-06T17:05:29 GMT+05:30" skipped="0">
  <testcase classname="Arrays.ProductOfFirstNNumbersAfterSorting" name="sum" time="0.045"/>
  <system-out/>
</testsuite> <!-- Arrays.ProductOfFirstNNumbersAfterSorting -->
