<?xml version="1.0" encoding="UTF-8"?>
<!-- Generated by org.testng.reporters.JUnitReportReporter -->
<testsuite hostname="LAPTOP-D4RH5SI9" failures="0" tests="1" name="String.RepeatedWordsInASentenceTest" time="0.024" errors="0" timestamp="2023-12-07T23:25:08 GMT+05:30" skipped="0">
  <testcase classname="String.RepeatedWordsInASentenceTest" name="repeat" time="0.024"/>
  <system-out/>
</testsuite> <!-- String.RepeatedWordsInASentenceTest -->
