<?xml version="1.0" encoding="UTF-8"?>
<!-- Generated by org.testng.reporters.JUnitReportReporter -->
<testsuite hostname="LAPTOP-D4RH5SI9" failures="0" tests="1" name="String.UniqueWordsInAStringUsingMapTest$DuplicateWordsInASentenceUsingMapTest" time="0.022" errors="0" timestamp="2023-12-08T09:19:30 GMT+05:30" skipped="0">
  <testcase classname="String.UniqueWordsInAStringUsingMapTest$DuplicateWordsInASentenceUsingMapTest" name="duplicate" time="0.022"/>
  <system-out/>
</testsuite> <!-- String.UniqueWordsInAStringUsingMapTest$DuplicateWordsInASentenceUsingMapTest -->
