<?xml version="1.0" encoding="UTF-8"?>
<!-- Generated by org.testng.reporters.JUnitReportReporter -->
<testsuite hostname="LAPTOP-D4RH5SI9" failures="0" tests="1" name="String.RemoveDuplicateNumbers" time="0.019" errors="0" timestamp="2023-12-07T23:04:49 GMT+05:30" skipped="0">
  <testcase classname="String.RemoveDuplicateNumbers" name="duplicate" time="0.019"/>
  <system-out/>
</testsuite> <!-- String.RemoveDuplicateNumbers -->
