<?xml version="1.0" encoding="UTF-8"?>
<!-- Generated by org.testng.reporters.JUnitReportReporter -->
<testsuite hostname="LAPTOP-D4RH5SI9" failures="0" tests="1" name="Patterns.Triangle3" time="0.022" errors="0" timestamp="2023-12-08T13:16:28 GMT+05:30" skipped="0">
  <testcase classname="Patterns.Triangle3" name="pattern" time="0.022"/>
  <system-out/>
</testsuite> <!-- Patterns.Triangle3 -->
