<?xml version="1.0" encoding="UTF-8"?>
<!-- Generated by org.testng.reporters.JUnitReportReporter -->
<testsuite hostname="LAPTOP-D4RH5SI9" failures="0" tests="1" name="String.ReverseAString4Test" time="0.018" errors="0" timestamp="2023-12-07T10:05:05 GMT+05:30" skipped="0">
  <testcase classname="String.ReverseAString4Test" name="reverse" time="0.018"/>
  <system-out/>
</testsuite> <!-- String.ReverseAString4Test -->
