<?xml version="1.0" encoding="UTF-8"?>
<!-- Generated by org.testng.reporters.JUnitReportReporter -->
<testsuite hostname="LAPTOP-D4RH5SI9" failures="0" tests="1" name="Arrays.BubbleSortAscendingTest" time="0.019" errors="0" timestamp="2023-12-06T15:53:28 GMT+05:30" skipped="0">
  <testcase classname="Arrays.BubbleSortAscendingTest" name="sort" time="0.019"/>
  <system-out/>
</testsuite> <!-- Arrays.BubbleSortAscendingTest -->
