<?xml version="1.0" encoding="UTF-8"?>
<!-- Generated by org.testng.reporters.JUnitReportReporter -->
<testsuite hostname="LAPTOP-D4RH5SI9" failures="0" tests="1" name="String.ReverseAString1Test" time="0.016" errors="0" timestamp="2023-12-07T09:50:41 GMT+05:30" skipped="0">
  <testcase classname="String.ReverseAString1Test" name="reverse" time="0.016"/>
  <system-out/>
</testsuite> <!-- String.ReverseAString1Test -->
