<?xml version="1.0" encoding="UTF-8"?>
<!-- Generated by org.testng.reporters.JUnitReportReporter -->
<testsuite hostname="LAPTOP-D4RH5SI9" failures="0" tests="1" name="Arrays.MissingNumbers1To10Test" time="0.102" errors="0" timestamp="2023-12-07T09:39:46 GMT+05:30" skipped="0">
  <testcase classname="Arrays.MissingNumbers1To10Test" name="missing" time="0.102"/>
  <system-out/>
</testsuite> <!-- Arrays.MissingNumbers1To10Test -->
