<?xml version="1.0" encoding="UTF-8"?>
<!-- Generated by org.testng.reporters.JUnitReportReporter -->
<testsuite hostname="LAPTOP-D4RH5SI9" failures="0" tests="1" name="String.OccurenceOfNumbersInArrayUsingMapTest" time="0.020" errors="0" timestamp="2023-12-07T22:32:37 GMT+05:30" skipped="0">
  <testcase classname="String.OccurenceOfNumbersInArrayUsingMapTest" name="occurence" time="0.020"/>
  <system-out/>
</testsuite> <!-- String.OccurenceOfNumbersInArrayUsingMapTest -->
