<?xml version="1.0" encoding="UTF-8"?>
<!-- Generated by org.testng.reporters.JUnitReportReporter -->
<testsuite hostname="LAPTOP-D4RH5SI9" failures="0" tests="1" name="NumberSeries.FibonacciSeriesTest" time="0.019" errors="0" timestamp="2023-12-08T15:55:29 GMT+05:30" skipped="0">
  <testcase classname="NumberSeries.FibonacciSeriesTest" name="fibonacci" time="0.019"/>
  <system-out/>
</testsuite> <!-- NumberSeries.FibonacciSeriesTest -->
