<?xml version="1.0" encoding="UTF-8"?>
<!-- Generated by org.testng.reporters.JUnitReportReporter -->
<testsuite hostname="LAPTOP-D4RH5SI9" failures="0" tests="1" name="Arrays.BubbleSortDescendingOrderTest" time="0.020" errors="0" timestamp="2023-12-06T15:56:53 GMT+05:30" skipped="0">
  <testcase classname="Arrays.BubbleSortDescendingOrderTest" name="sort" time="0.020"/>
  <system-out/>
</testsuite> <!-- Arrays.BubbleSortDescendingOrderTest -->
