<?xml version="1.0" encoding="UTF-8"?>
<!-- Generated by org.testng.reporters.JUnitReportReporter -->
<testsuite hostname="LAPTOP-D4RH5SI9" failures="0" tests="1" name="Practice.NumberSeries" time="0.056" errors="0" timestamp="2023-12-10T15:51:50 GMT+05:30" skipped="0">
  <testcase classname="Practice.NumberSeries" name="factors" time="0.056"/>
  <system-out/>
</testsuite> <!-- Practice.NumberSeries -->
