<?xml version="1.0" encoding="UTF-8"?>
<!-- Generated by org.testng.reporters.JUnitReportReporter -->
<testsuite hostname="LAPTOP-D4RH5SI9" failures="0" tests="1" name="NumberSeries.SmallestNumberInAnArray" time="0.020" errors="0" timestamp="2023-12-08T15:56:35 GMT+05:30" skipped="0">
  <testcase classname="NumberSeries.SmallestNumberInAnArray" name="smallest" time="0.020"/>
  <system-out/>
</testsuite> <!-- NumberSeries.SmallestNumberInAnArray -->
