<?xml version="1.0" encoding="UTF-8"?>
<!-- Generated by org.testng.reporters.JUnitReportReporter -->
<testsuite hostname="LAPTOP-D4RH5SI9" failures="0" tests="1" name="NumberSeries.CheckWhetherGivenNumberIsPrime" time="11.529" errors="0" timestamp="2023-12-08T15:54:00 GMT+05:30" skipped="0">
  <testcase classname="NumberSeries.CheckWhetherGivenNumberIsPrime" name="prime" time="11.529"/>
  <system-out/>
</testsuite> <!-- NumberSeries.CheckWhetherGivenNumberIsPrime -->
