<?xml version="1.0" encoding="UTF-8"?>
<!-- Generated by org.testng.reporters.JUnitReportReporter -->
<testsuite hostname="LAPTOP-D4RH5SI9" failures="0" tests="1" name="String.OccurenceOfCharactedUnique" time="0.021" errors="0" timestamp="2023-12-10T17:56:14 GMT+05:30" skipped="0">
  <testcase classname="String.OccurenceOfCharactedUnique" name="unique" time="0.021"/>
  <system-out/>
</testsuite> <!-- String.OccurenceOfCharactedUnique -->
