<?xml version="1.0" encoding="UTF-8"?>
<!-- Generated by org.testng.reporters.JUnitReportReporter -->
<testsuite hostname="LAPTOP-D4RH5SI9" failures="0" tests="1" name="String.OccurenceOfCharacter" time="0.018" errors="0" timestamp="2023-12-10T17:56:31 GMT+05:30" skipped="0">
  <testcase classname="String.OccurenceOfCharacter" name="occurence" time="0.018"/>
  <system-out/>
</testsuite> <!-- String.OccurenceOfCharacter -->
