<?xml version="1.0" encoding="UTF-8"?>
<!-- Generated by org.testng.reporters.JUnitReportReporter -->
<testsuite hostname="LAPTOP-D4RH5SI9" failures="0" tests="1" name="Patterns.Triangle5" time="0.031" errors="0" timestamp="2023-12-10T21:57:55 GMT+05:30" skipped="0">
  <testcase classname="Patterns.Triangle5" name="pattern" time="0.031"/>
  <system-out/>
</testsuite> <!-- Patterns.Triangle5 -->
