<?xml version="1.0" encoding="UTF-8"?>
<!-- Generated by org.testng.reporters.JUnitReportReporter -->
<testsuite hostname="LAPTOP-D4RH5SI9" failures="0" tests="1" name="String.OccurenceOfAWordInASentenceTest" time="0.017" errors="0" timestamp="2023-12-07T23:20:10 GMT+05:30" skipped="0">
  <testcase classname="String.OccurenceOfAWordInASentenceTest" name="occurence" time="0.017"/>
  <system-out/>
</testsuite> <!-- String.OccurenceOfAWordInASentenceTest -->
