<?xml version="1.0" encoding="UTF-8"?>
<!-- Generated by org.testng.reporters.JUnitReportReporter -->
<testsuite hostname="LAPTOP-D4RH5SI9" failures="0" tests="1" name="Arrays.SumOfFirstNNumbersAfterSorting" time="0.040" errors="0" timestamp="2023-12-06T16:47:19 GMT+05:30" skipped="0">
  <testcase classname="Arrays.SumOfFirstNNumbersAfterSorting" name="sum" time="0.040"/>
  <system-out/>
</testsuite> <!-- Arrays.SumOfFirstNNumbersAfterSorting -->
