<?xml version="1.0" encoding="UTF-8"?>
<!-- Generated by org.testng.reporters.JUnitReportReporter -->
<testsuite hostname="LAPTOP-D4RH5SI9" failures="0" tests="1" name="Patterns.Triangle8" time="0.024" errors="0" timestamp="2023-12-10T22:00:45 GMT+05:30" skipped="0">
  <testcase classname="Patterns.Triangle8" name="pattern" time="0.024"/>
  <system-out/>
</testsuite> <!-- Patterns.Triangle8 -->
