<?xml version="1.0" encoding="UTF-8"?>
<!-- Generated by org.testng.reporters.JUnitReportReporter -->
<testsuite hostname="LAPTOP-D4RH5SI9" failures="0" tests="1" name="String.PanlindromeTest" time="0.022" errors="0" timestamp="2023-12-07T10:24:26 GMT+05:30" skipped="0">
  <testcase classname="String.PanlindromeTest" name="palindrome" time="0.022"/>
  <system-out/>
</testsuite> <!-- String.PanlindromeTest -->
