<?xml version="1.0" encoding="UTF-8"?>
<!-- Generated by org.testng.reporters.JUnitReportReporter -->
<testsuite hostname="LAPTOP-D4RH5SI9" failures="0" tests="1" name="Arrays.PrintFirstMinimumAndFirstMaximumNumberUsingBubbleSortTest" time="0.016" errors="0" timestamp="2023-12-06T16:26:30 GMT+05:30" skipped="0">
  <testcase classname="Arrays.PrintFirstMinimumAndFirstMaximumNumberUsingBubbleSortTest" name="sort" time="0.016"/>
  <system-out/>
</testsuite> <!-- Arrays.PrintFirstMinimumAndFirstMaximumNumberUsingBubbleSortTest -->
