<?xml version="1.0" encoding="UTF-8"?>
<!-- Generated by org.testng.reporters.JUnitReportReporter -->
<testsuite hostname="LAPTOP-D4RH5SI9" failures="0" tests="1" name="Patterns.Triangle6" time="0.026" errors="0" timestamp="2023-12-10T21:58:24 GMT+05:30" skipped="0">
  <testcase classname="Patterns.Triangle6" name="pattern" time="0.026"/>
  <system-out/>
</testsuite> <!-- Patterns.Triangle6 -->
