<?xml version="1.0" encoding="UTF-8"?>
<!-- Generated by org.testng.reporters.JUnitReportReporter -->
<testsuite hostname="LAPTOP-D4RH5SI9" failures="0" tests="1" name="String.OccurenceOfCharacterUniqueUsingMap" time="0.018" errors="0" timestamp="2023-12-07T14:44:48 GMT+05:30" skipped="0">
  <testcase classname="String.OccurenceOfCharacterUniqueUsingMap" name="unique" time="0.018"/>
  <system-out/>
</testsuite> <!-- String.OccurenceOfCharacterUniqueUsingMap -->
