<?xml version="1.0" encoding="UTF-8"?>
<!-- Generated by org.testng.reporters.JUnitReportReporter -->
<testsuite hostname="LAPTOP-D4RH5SI9" failures="0" tests="1" name="String.PrintDuplicateNumbersInArrayWithCountTest" time="0.032" errors="0" timestamp="2023-12-07T22:17:04 GMT+05:30" skipped="0">
  <testcase classname="String.PrintDuplicateNumbersInArrayWithCountTest" name="duplicate" time="0.032"/>
  <system-out/>
</testsuite> <!-- String.PrintDuplicateNumbersInArrayWithCountTest -->
