<?xml version="1.0" encoding="UTF-8"?>
<!-- Generated by org.testng.reporters.JUnitReportReporter -->
<testsuite hostname="LAPTOP-D4RH5SI9" failures="0" tests="1" name="String.RemoveDuplicateNumbersUsingMapTest" time="0.022" errors="0" timestamp="2023-12-07T22:24:56 GMT+05:30" skipped="0">
  <testcase classname="String.RemoveDuplicateNumbersUsingMapTest" name="remove" time="0.022"/>
  <system-out/>
</testsuite> <!-- String.RemoveDuplicateNumbersUsingMapTest -->
