<?xml version="1.0" encoding="UTF-8"?>
<!-- Generated by org.testng.reporters.JUnitReportReporter -->
<testsuite hostname="LAPTOP-D4RH5SI9" failures="0" tests="1" name="String.SumOfDigitsInAString" time="0.021" errors="0" timestamp="2023-12-08T10:38:35 GMT+05:30" skipped="0">
  <testcase classname="String.SumOfDigitsInAString" name="sum" time="0.021"/>
  <system-out/>
</testsuite> <!-- String.SumOfDigitsInAString -->
