<?xml version="1.0" encoding="UTF-8"?>
<!-- Generated by org.testng.reporters.JUnitReportReporter -->
<testsuite hostname="LAPTOP-D4RH5SI9" failures="0" tests="1" name="Arrays.FindFrequentlyRepeatedNumberInArrayTest" time="0.026" errors="0" timestamp="2023-12-06T18:05:38 GMT+05:30" skipped="0">
  <testcase classname="Arrays.FindFrequentlyRepeatedNumberInArrayTest" name="frequent" time="0.026"/>
  <system-out/>
</testsuite> <!-- Arrays.FindFrequentlyRepeatedNumberInArrayTest -->
