<?xml version="1.0" encoding="UTF-8"?>
<!-- Generated by org.testng.reporters.JUnitReportReporter -->
<testsuite hostname="LAPTOP-D4RH5SI9" failures="0" tests="1" name="String.ReverseString3Test" time="0.021" errors="0" timestamp="2023-12-10T17:11:03 GMT+05:30" skipped="0">
  <testcase classname="String.ReverseString3Test" name="reverse" time="0.021"/>
  <system-out/>
</testsuite> <!-- String.ReverseString3Test -->
