<?xml version="1.0" encoding="UTF-8"?>
<!-- Generated by org.testng.reporters.JUnitReportReporter -->
<testsuite hostname="LAPTOP-D4RH5SI9" failures="0" tests="1" name="NumberSeries.SmallestEvenNumberInAnArrayTest" time="0.044" errors="0" timestamp="2023-12-08T17:11:45 GMT+05:30" skipped="0">
  <testcase classname="NumberSeries.SmallestEvenNumberInAnArrayTest" name="smallest" time="0.044"/>
  <system-out/>
</testsuite> <!-- NumberSeries.SmallestEvenNumberInAnArrayTest -->
